2026-03-15 00:09:05,339 [PID 23756] INFO No binary specified, looking for `pyre.bin` in PATH
2026-03-15 00:09:05,340 [PID 23756] INFO Pyre binary is located at `.venv/bin/pyre.bin`
2026-03-15 00:09:05,340 [PID 23756] INFO Could not determine the number of Pyre workers from configuration. Auto-set the value to 4.
2026-03-15 00:09:05,340 [PID 23756] INFO No typeshed specified, looking for it...
2026-03-15 00:09:05,340 [PID 23756] INFO Found: `/Users/mertbursalioglu/workspace/imp_math_back/backend-service/.venv/lib/pyre_check/typeshed`
2026-03-15 00:09:05,340 [PID 23756] INFO Writing arguments into /var/folders/fx/59c047h15j974l099wz9tfwc0000gn/T/pyre_arguments_gr2mxp5z.json...
2026-03-15 00:09:05,340 [PID 23756] DEBUG Arguments:
{
  "source_paths": {
    "kind": "simple",
    "paths": [
      "/Users/mertbursalioglu/workspace/imp_math_back/backend-service"
    ]
  },
  "search_paths": [
    "/Users/mertbursalioglu/workspace/imp_math_back/backend-service/.venv/lib/python3.13/site-packages",
    "/Users/mertbursalioglu/workspace/imp_math_back/backend-service/.venv/lib/pyre_check/typeshed/stdlib",
    "/Users/mertbursalioglu/workspace/imp_math_back/backend-service/.venv/lib/pyre_check/typeshed/stubs/ExifRead",
    "/Users/mertbursalioglu/workspace/imp_math_back/backend-service/.venv/lib/pyre_check/typeshed/stubs/PyMySQL",
    "/Users/mertbursalioglu/workspace/imp_math_back/backend-service/.venv/lib/pyre_check/typeshed/stubs/PyYAML",
    "/Users/mertbursalioglu/workspace/imp_math_back/backend-service/.venv/lib/pyre_check/typeshed/stubs/aiofiles",
    "/Users/mertbursalioglu/workspace/imp_math_back/backend-service/.venv/lib/pyre_check/typeshed/stubs/chevron",
    "/Users/mertbursalioglu/workspace/imp_math_back/backend-service/.venv/lib/pyre_check/typeshed/stubs/colorama",
    "/Users/mertbursalioglu/workspace/imp_math_back/backend-service/.venv/lib/pyre_check/typeshed/stubs/ldap3",
    "/Users/mertbursalioglu/workspace/imp_math_back/backend-service/.venv/lib/pyre_check/typeshed/stubs/mysqlclient",
    "/Users/mertbursalioglu/workspace/imp_math_back/backend-service/.venv/lib/pyre_check/typeshed/stubs/paramiko",
    "/Users/mertbursalioglu/workspace/imp_math_back/backend-service/.venv/lib/pyre_check/typeshed/stubs/psycopg2",
    "/Users/mertbursalioglu/workspace/imp_math_back/backend-service/.venv/lib/pyre_check/typeshed/stubs/pycurl",
    "/Users/mertbursalioglu/workspace/imp_math_back/backend-service/.venv/lib/pyre_check/typeshed/stubs/python-dateutil",
    "/Users/mertbursalioglu/workspace/imp_math_back/backend-service/.venv/lib/pyre_check/typeshed/stubs/pytz",
    "/Users/mertbursalioglu/workspace/imp_math_back/backend-service/.venv/lib/pyre_check/typeshed/stubs/regex",
    "/Users/mertbursalioglu/workspace/imp_math_back/backend-service/.venv/lib/pyre_check/typeshed/stubs/requests",
    "/Users/mertbursalioglu/workspace/imp_math_back/backend-service/.venv/lib/pyre_check/typeshed/stubs/retry",
    "/Users/mertbursalioglu/workspace/imp_math_back/backend-service/.venv/lib/pyre_check/typeshed/stubs/tqdm",
    "/Users/mertbursalioglu/workspace/imp_math_back/backend-service/.venv/lib/pyre_check/typeshed/stubs/ujson"
  ],
  "excludes": [],
  "checked_directory_allowlist": [
    "/Users/mertbursalioglu/workspace/imp_math_back/backend-service"
  ],
  "checked_directory_blocklist": [],
  "extensions": [],
  "log_path": "/Users/mertbursalioglu/workspace/imp_math_back/backend-service/.pyre",
  "global_root": "/Users/mertbursalioglu/workspace/imp_math_back/backend-service",
  "debug": false,
  "python_version": {
    "major": 3,
    "minor": 13,
    "micro": 7
  },
  "system_platform": "darwin",
  "shared_memory": {},
  "parallel": true,
  "number_of_workers": 4,
  "additional_logging_sections": [],
  "show_error_traces": false,
  "strict": false
}
2026-03-15 00:09:05,450 [PID 23756] PERFORMANCE  Initialized shared memory (heap size: 8589934592, dep table pow: 1, hash table pow: 26): 0.000s
2026-03-15 00:09:05,450 [PID 23756] PERFORMANCE  Initialized multiprocessing workers (workers: 4): 0.007s
2026-03-15 00:09:05,450 [PID 23756] INFO  Building module tracker...
2026-03-15 00:09:05,767 [PID 23756] PERFORMANCE  Module tracker built: 0.309s
2026-03-15 00:09:05,767 [PID 23756] PERFORMANCE  Full environment built: 0.309s
2026-03-15 00:09:05,767 [PID 23756] INFO  Collecting all definitions...
2026-03-15 00:09:06,588 [PID 23756] INFO <unknown>:1000: SyntaxWarning: invalid escape sequence '\N'
2026-03-15 00:09:06,647 [PID 23756] INFO <unknown>:23: SyntaxWarning: invalid escape sequence '\N'
2026-03-15 00:09:06,648 [PID 23756] INFO <unknown>:25: SyntaxWarning: invalid escape sequence '\N'
2026-03-15 00:09:06,648 [PID 23756] INFO <unknown>:27: SyntaxWarning: invalid escape sequence '\N'
2026-03-15 00:09:06,648 [PID 23756] INFO <unknown>:29: SyntaxWarning: invalid escape sequence '\N'
2026-03-15 00:09:06,648 [PID 23756] INFO <unknown>:31: SyntaxWarning: invalid escape sequence '\N'
2026-03-15 00:09:06,648 [PID 23756] INFO <unknown>:33: SyntaxWarning: invalid escape sequence '\N'
2026-03-15 00:09:06,648 [PID 23756] INFO <unknown>:35: SyntaxWarning: invalid escape sequence '\N'
2026-03-15 00:09:06,648 [PID 23756] INFO <unknown>:43: SyntaxWarning: invalid escape sequence '\N'
2026-03-15 00:09:06,648 [PID 23756] INFO <unknown>:45: SyntaxWarning: invalid escape sequence '\N'
2026-03-15 00:09:06,648 [PID 23756] INFO <unknown>:47: SyntaxWarning: invalid escape sequence '\N'
2026-03-15 00:09:12,280 [PID 23756] INFO <unknown>:9263: SyntaxWarning: invalid escape sequence '\N'
2026-03-15 00:09:13,426 [PID 23756] WARNING  Parser error in module `numpy._core.tests.test_regression`: CPython runtime raised a non-syntax exception
2026-03-15 00:09:14,139 [PID 23756] WARNING <unknown>:71: SyntaxWarning: invalid escape sequence '\N'
2026-03-15 00:09:14,209 [PID 23756] WARNING <unknown>:1582: SyntaxWarning: invalid escape sequence '\N'
2026-03-15 00:09:15,155 [PID 23756] PERFORMANCE  Collected definitions (defines: 175758): 9.394s
2026-03-15 00:09:15,155 [PID 23756] INFO  Checking 175758 functions...
2026-03-15 00:09:21,419 [PID 23756] INFO  Processed 4883 of 175758 functions
2026-03-15 00:09:27,379 [PID 23756] INFO  Processed 9766 of 175758 functions
2026-03-15 00:09:27,923 [PID 23756] INFO  Processed 14649 of 175758 functions
2026-03-15 00:09:33,327 [PID 23756] INFO  Processed 19532 of 175758 functions
2026-03-15 00:09:34,489 [PID 23756] INFO  Processed 24415 of 175758 functions
2026-03-15 00:09:43,521 [PID 23756] INFO  Processed 29298 of 175758 functions
2026-03-15 00:09:56,669 [PID 23756] ERROR 
2026-03-15 14:53:44,559 [PID 25388] INFO No binary specified, looking for `pyre.bin` in PATH
2026-03-15 14:53:44,560 [PID 25388] INFO Pyre binary is located at `/Users/mertbursalioglu/workspace/imp_math_back/backend-service/.venv/bin/pyre.bin`
2026-03-15 14:53:44,560 [PID 25388] INFO Could not determine the number of Pyre workers from configuration. Auto-set the value to 4.
2026-03-15 14:53:44,560 [PID 25388] INFO No typeshed specified, looking for it...
2026-03-15 14:53:44,560 [PID 25388] INFO Found: `/Users/mertbursalioglu/workspace/imp_math_back/backend-service/.venv/lib/pyre_check/typeshed`
2026-03-15 14:53:44,560 [PID 25388] INFO Writing arguments into /var/folders/fx/59c047h15j974l099wz9tfwc0000gn/T/pyre_arguments_a5dz8a8q.json...
2026-03-15 14:53:44,560 [PID 25388] DEBUG Arguments:
{
  "source_paths": {
    "kind": "simple",
    "paths": [
      "/Users/mertbursalioglu/workspace/imp_math_back/backend-service"
    ]
  },
  "search_paths": [
    "/Users/mertbursalioglu/workspace/imp_math_back/backend-service",
    "/Users/mertbursalioglu/workspace/imp_math_back/backend-service/.venv/lib/python3.13/site-packages",
    "/Users/mertbursalioglu/workspace/imp_math_back/backend-service/.venv/lib/pyre_check/typeshed/stdlib",
    "/Users/mertbursalioglu/workspace/imp_math_back/backend-service/.venv/lib/pyre_check/typeshed/stubs/ExifRead",
    "/Users/mertbursalioglu/workspace/imp_math_back/backend-service/.venv/lib/pyre_check/typeshed/stubs/PyMySQL",
    "/Users/mertbursalioglu/workspace/imp_math_back/backend-service/.venv/lib/pyre_check/typeshed/stubs/PyYAML",
    "/Users/mertbursalioglu/workspace/imp_math_back/backend-service/.venv/lib/pyre_check/typeshed/stubs/aiofiles",
    "/Users/mertbursalioglu/workspace/imp_math_back/backend-service/.venv/lib/pyre_check/typeshed/stubs/chevron",
    "/Users/mertbursalioglu/workspace/imp_math_back/backend-service/.venv/lib/pyre_check/typeshed/stubs/colorama",
    "/Users/mertbursalioglu/workspace/imp_math_back/backend-service/.venv/lib/pyre_check/typeshed/stubs/ldap3",
    "/Users/mertbursalioglu/workspace/imp_math_back/backend-service/.venv/lib/pyre_check/typeshed/stubs/mysqlclient",
    "/Users/mertbursalioglu/workspace/imp_math_back/backend-service/.venv/lib/pyre_check/typeshed/stubs/paramiko",
    "/Users/mertbursalioglu/workspace/imp_math_back/backend-service/.venv/lib/pyre_check/typeshed/stubs/psycopg2",
    "/Users/mertbursalioglu/workspace/imp_math_back/backend-service/.venv/lib/pyre_check/typeshed/stubs/pycurl",
    "/Users/mertbursalioglu/workspace/imp_math_back/backend-service/.venv/lib/pyre_check/typeshed/stubs/python-dateutil",
    "/Users/mertbursalioglu/workspace/imp_math_back/backend-service/.venv/lib/pyre_check/typeshed/stubs/pytz",
    "/Users/mertbursalioglu/workspace/imp_math_back/backend-service/.venv/lib/pyre_check/typeshed/stubs/regex",
    "/Users/mertbursalioglu/workspace/imp_math_back/backend-service/.venv/lib/pyre_check/typeshed/stubs/requests",
    "/Users/mertbursalioglu/workspace/imp_math_back/backend-service/.venv/lib/pyre_check/typeshed/stubs/retry",
    "/Users/mertbursalioglu/workspace/imp_math_back/backend-service/.venv/lib/pyre_check/typeshed/stubs/tqdm",
    "/Users/mertbursalioglu/workspace/imp_math_back/backend-service/.venv/lib/pyre_check/typeshed/stubs/ujson"
  ],
  "excludes": [
    ".*/\\.venv/.*"
  ],
  "checked_directory_allowlist": [
    "/Users/mertbursalioglu/workspace/imp_math_back/backend-service"
  ],
  "checked_directory_blocklist": [],
  "extensions": [],
  "log_path": "/Users/mertbursalioglu/workspace/imp_math_back/backend-service/.pyre",
  "global_root": "/Users/mertbursalioglu/workspace/imp_math_back/backend-service",
  "debug": false,
  "python_version": {
    "major": 3,
    "minor": 13,
    "micro": 7
  },
  "system_platform": "darwin",
  "shared_memory": {},
  "parallel": true,
  "number_of_workers": 4,
  "additional_logging_sections": [],
  "show_error_traces": false,
  "strict": false
}
2026-03-15 14:53:45,255 [PID 25388] PERFORMANCE  Initialized shared memory (heap size: 8589934592, dep table pow: 1, hash table pow: 26): 0.002s
2026-03-15 14:53:45,255 [PID 25388] PERFORMANCE  Initialized multiprocessing workers (workers: 4): 0.008s
2026-03-15 14:53:45,255 [PID 25388] INFO  Building module tracker...
2026-03-15 14:53:45,267 [PID 25388] PERFORMANCE  Module tracker built: 0.003s
2026-03-15 14:53:45,267 [PID 25388] PERFORMANCE  Full environment built: 0.004s
2026-03-15 14:53:45,267 [PID 25388] INFO  Collecting all definitions...
2026-03-15 14:53:45,401 [PID 25388] PERFORMANCE  Collected definitions (defines: 278): 0.144s
2026-03-15 14:53:45,401 [PID 25388] INFO  Checking 278 functions...
2026-03-15 14:53:45,493 [PID 25388] INFO  Processed 35 of 278 functions
2026-03-15 14:53:45,493 [PID 25388] INFO  Processed 70 of 278 functions
2026-03-15 14:53:45,505 [PID 25388] INFO  Processed 105 of 278 functions
2026-03-15 14:53:45,506 [PID 25388] INFO  Processed 140 of 278 functions
2026-03-15 14:53:45,563 [PID 25388] INFO  Processed 175 of 278 functions
2026-03-15 14:53:45,575 [PID 25388] INFO  Processed 210 of 278 functions
2026-03-15 14:53:45,575 [PID 25388] INFO  Processed 243 of 278 functions
2026-03-15 14:53:45,576 [PID 25388] INFO  Processed 278 of 278 functions
2026-03-15 14:53:45,576 [PID 25388] PERFORMANCE  Check_TypeCheck: 0.175s
2026-03-15 14:53:45,576 [PID 25388] MEMORY  Shared memory size post-typecheck (size: 0)
2026-03-15 14:53:45,576 [PID 25388] INFO  Postprocessing 51 sources...
2026-03-15 14:53:45,635 [PID 25388] INFO  Postprocessed 12 of 51 sources
2026-03-15 14:53:45,636 [PID 25388] INFO  Postprocessed 25 of 51 sources
2026-03-15 14:53:45,647 [PID 25388] INFO  Postprocessed 38 of 51 sources
2026-03-15 14:53:45,648 [PID 25388] INFO  Postprocessed 51 of 51 sources
2026-03-15 14:53:45,648 [PID 25388] PERFORMANCE  Check_Postprocessing: 0.064s
2026-03-15 14:53:45,648 [PID 25388] PERFORMANCE  Check (request kind: FullCheck): 0.389s
2026-03-15 14:53:45,664 [PID 25388] ERROR Found 350 type errors!
2026-03-15 14:54:21,186 [PID 25537] INFO No binary specified, looking for `pyre.bin` in PATH
2026-03-15 14:54:21,187 [PID 25537] INFO Pyre binary is located at `/Users/mertbursalioglu/workspace/imp_math_back/backend-service/.venv/bin/pyre.bin`
2026-03-15 14:54:21,187 [PID 25537] INFO Could not determine the number of Pyre workers from configuration. Auto-set the value to 4.
2026-03-15 14:54:21,190 [PID 25537] INFO No typeshed specified, looking for it...
2026-03-15 14:54:21,190 [PID 25537] INFO Found: `/Users/mertbursalioglu/workspace/imp_math_back/backend-service/.venv/lib/pyre_check/typeshed`
2026-03-15 14:54:21,191 [PID 25537] INFO Writing arguments into /var/folders/fx/59c047h15j974l099wz9tfwc0000gn/T/pyre_arguments_w21p74sf.json...
2026-03-15 14:54:21,191 [PID 25537] DEBUG Arguments:
{
  "source_paths": {
    "kind": "simple",
    "paths": [
      "/Users/mertbursalioglu/workspace/imp_math_back/backend-service"
    ]
  },
  "search_paths": [
    "/Users/mertbursalioglu/workspace/imp_math_back/backend-service/.venv/lib/python3.13/site-packages$starlette",
    "/Users/mertbursalioglu/workspace/imp_math_back/backend-service/.venv/lib/python3.13/site-packages$idna",
    "/Users/mertbursalioglu/workspace/imp_math_back/backend-service/.venv/lib/python3.13/site-packages$httpcore",
    "/Users/mertbursalioglu/workspace/imp_math_back/backend-service/.venv/lib/python3.13/site-packages$tomli",
    "/Users/mertbursalioglu/workspace/imp_math_back/backend-service/.venv/lib/python3.13/site-packages$certifi",
    "/Users/mertbursalioglu/workspace/imp_math_back/backend-service/.venv/lib/python3.13/site-packages$tomli_w",
    "/Users/mertbursalioglu/workspace/imp_math_back/backend-service/.venv/lib/python3.13/site-packages$dotenv",
    "/Users/mertbursalioglu/workspace/imp_math_back/backend-service/.venv/lib/python3.13/site-packages$libcst",
    "/Users/mertbursalioglu/workspace/imp_math_back/backend-service/.venv/lib/python3.13/site-packages$packaging",
    "/Users/mertbursalioglu/workspace/imp_math_back/backend-service/.venv/lib/python3.13/site-packages$click",
    "/Users/mertbursalioglu/workspace/imp_math_back/backend-service/.venv/lib/python3.13/site-packages$pluggy",
    "/Users/mertbursalioglu/workspace/imp_math_back/backend-service/.venv/lib/python3.13/site-packages$watchfiles",
    "/Users/mertbursalioglu/workspace/imp_math_back/backend-service/.venv/lib/python3.13/site-packages$anyio",
    "/Users/mertbursalioglu/workspace/imp_math_back/backend-service/.venv/lib/python3.13/site-packages$marshmallow",
    "/Users/mertbursalioglu/workspace/imp_math_back/backend-service/.venv/lib/python3.13/site-packages$websockets",
    "/Users/mertbursalioglu/workspace/imp_math_back/backend-service/.venv/lib/python3.13/site-packages$pydantic_core",
    "/Users/mertbursalioglu/workspace/imp_math_back/backend-service/.venv/lib/python3.13/site-packages$annotated_types",
    "/Users/mertbursalioglu/workspace/imp_math_back/backend-service/.venv/lib/python3.13/site-packages$fastapi",
    "/Users/mertbursalioglu/workspace/imp_math_back/backend-service/.venv/lib/python3.13/site-packages$uvicorn",
    "/Users/mertbursalioglu/workspace/imp_math_back/backend-service/.venv/lib/python3.13/site-packages$pyright",
    "/Users/mertbursalioglu/workspace/imp_math_back/backend-service/.venv/lib/python3.13/site-packages$typeguard",
    "/Users/mertbursalioglu/workspace/imp_math_back/backend-service/.venv/lib/python3.13/site-packages$pip",
    "/Users/mertbursalioglu/workspace/imp_math_back/backend-service/.venv/lib/python3.13/site-packages$pydantic",
    "/Users/mertbursalioglu/workspace/imp_math_back/backend-service/.venv/lib/python3.13/site-packages$pydantic_settings",
    "/Users/mertbursalioglu/workspace/imp_math_back/backend-service/.venv/lib/python3.13/site-packages$testslide",
    "/Users/mertbursalioglu/workspace/imp_math_back/backend-service/.venv/lib/python3.13/site-packages$iniconfig",
    "/Users/mertbursalioglu/workspace/imp_math_back/backend-service/.venv/lib/python3.13/site-packages$h11",
    "/Users/mertbursalioglu/workspace/imp_math_back/backend-service/.venv/lib/python3.13/site-packages$uvloop",
    "/Users/mertbursalioglu/workspace/imp_math_back/backend-service/.venv/lib/python3.13/site-packages$dataclasses_json",
    "/Users/mertbursalioglu/workspace/imp_math_back/backend-service/.venv/lib/python3.13/site-packages$_pytest",
    "/Users/mertbursalioglu/workspace/imp_math_back/backend-service/.venv/lib/python3.13/site-packages$typing_inspection",
    "/Users/mertbursalioglu/workspace/imp_math_back/backend-service/.venv/lib/python3.13/site-packages$pytest",
    "/Users/mertbursalioglu/workspace/imp_math_back/backend-service/.venv/lib/python3.13/site-packages$numpy",
    "/Users/mertbursalioglu/workspace/imp_math_back/backend-service/.venv/lib/python3.13/site-packages$httpx",
    "/Users/mertbursalioglu/workspace/imp_math_back/backend-service/.venv/lib/python3.13/site-packages$python_multipart",
    "/Users/mertbursalioglu/workspace/imp_math_back/backend-service/.venv/lib/pyre_check/typeshed/stdlib",
    "/Users/mertbursalioglu/workspace/imp_math_back/backend-service/.venv/lib/pyre_check/typeshed/stubs/ExifRead",
    "/Users/mertbursalioglu/workspace/imp_math_back/backend-service/.venv/lib/pyre_check/typeshed/stubs/PyMySQL",
    "/Users/mertbursalioglu/workspace/imp_math_back/backend-service/.venv/lib/pyre_check/typeshed/stubs/PyYAML",
    "/Users/mertbursalioglu/workspace/imp_math_back/backend-service/.venv/lib/pyre_check/typeshed/stubs/aiofiles",
    "/Users/mertbursalioglu/workspace/imp_math_back/backend-service/.venv/lib/pyre_check/typeshed/stubs/chevron",
    "/Users/mertbursalioglu/workspace/imp_math_back/backend-service/.venv/lib/pyre_check/typeshed/stubs/colorama",
    "/Users/mertbursalioglu/workspace/imp_math_back/backend-service/.venv/lib/pyre_check/typeshed/stubs/ldap3",
    "/Users/mertbursalioglu/workspace/imp_math_back/backend-service/.venv/lib/pyre_check/typeshed/stubs/mysqlclient",
    "/Users/mertbursalioglu/workspace/imp_math_back/backend-service/.venv/lib/pyre_check/typeshed/stubs/paramiko",
    "/Users/mertbursalioglu/workspace/imp_math_back/backend-service/.venv/lib/pyre_check/typeshed/stubs/psycopg2",
    "/Users/mertbursalioglu/workspace/imp_math_back/backend-service/.venv/lib/pyre_check/typeshed/stubs/pycurl",
    "/Users/mertbursalioglu/workspace/imp_math_back/backend-service/.venv/lib/pyre_check/typeshed/stubs/python-dateutil",
    "/Users/mertbursalioglu/workspace/imp_math_back/backend-service/.venv/lib/pyre_check/typeshed/stubs/pytz",
    "/Users/mertbursalioglu/workspace/imp_math_back/backend-service/.venv/lib/pyre_check/typeshed/stubs/regex",
    "/Users/mertbursalioglu/workspace/imp_math_back/backend-service/.venv/lib/pyre_check/typeshed/stubs/requests",
    "/Users/mertbursalioglu/workspace/imp_math_back/backend-service/.venv/lib/pyre_check/typeshed/stubs/retry",
    "/Users/mertbursalioglu/workspace/imp_math_back/backend-service/.venv/lib/pyre_check/typeshed/stubs/tqdm",
    "/Users/mertbursalioglu/workspace/imp_math_back/backend-service/.venv/lib/pyre_check/typeshed/stubs/ujson"
  ],
  "excludes": [
    ".*/\\.venv/.*"
  ],
  "checked_directory_allowlist": [
    "/Users/mertbursalioglu/workspace/imp_math_back/backend-service"
  ],
  "checked_directory_blocklist": [],
  "extensions": [],
  "log_path": "/Users/mertbursalioglu/workspace/imp_math_back/backend-service/.pyre",
  "global_root": "/Users/mertbursalioglu/workspace/imp_math_back/backend-service",
  "debug": false,
  "python_version": {
    "major": 3,
    "minor": 13,
    "micro": 7
  },
  "system_platform": "darwin",
  "shared_memory": {},
  "parallel": true,
  "number_of_workers": 4,
  "additional_logging_sections": [],
  "show_error_traces": false,
  "strict": false
}
2026-03-15 14:54:21,239 [PID 25537] PERFORMANCE  Initialized shared memory (heap size: 8589934592, dep table pow: 1, hash table pow: 26): 0.000s
2026-03-15 14:54:21,239 [PID 25537] PERFORMANCE  Initialized multiprocessing workers (workers: 4): 0.007s
2026-03-15 14:54:21,239 [PID 25537] INFO  Building module tracker...
2026-03-15 14:54:21,239 [PID 25537] PERFORMANCE  Module tracker built: 0.002s
2026-03-15 14:54:21,239 [PID 25537] PERFORMANCE  Full environment built: 0.003s
2026-03-15 14:54:21,239 [PID 25537] INFO  Collecting all definitions...
2026-03-15 14:54:21,367 [PID 25537] PERFORMANCE  Collected definitions (defines: 278): 0.117s
2026-03-15 14:54:21,367 [PID 25537] INFO  Checking 278 functions...
2026-03-15 14:54:21,437 [PID 25537] INFO  Processed 35 of 278 functions
2026-03-15 14:54:21,448 [PID 25537] INFO  Processed 70 of 278 functions
2026-03-15 14:54:21,448 [PID 25537] INFO  Processed 105 of 278 functions
2026-03-15 14:54:21,461 [PID 25537] INFO  Processed 140 of 278 functions
2026-03-15 14:54:21,508 [PID 25537] INFO  Processed 175 of 278 functions
2026-03-15 14:54:21,533 [PID 25537] INFO  Processed 210 of 278 functions
2026-03-15 14:54:21,533 [PID 25537] INFO  Processed 245 of 278 functions
2026-03-15 14:54:21,533 [PID 25537] INFO  Processed 278 of 278 functions
2026-03-15 14:54:21,533 [PID 25537] PERFORMANCE  Check_TypeCheck: 0.171s
2026-03-15 14:54:21,533 [PID 25537] MEMORY  Shared memory size post-typecheck (size: 0)
2026-03-15 14:54:21,533 [PID 25537] INFO  Postprocessing 51 sources...
2026-03-15 14:54:21,581 [PID 25537] INFO  Postprocessed 12 of 51 sources
2026-03-15 14:54:21,593 [PID 25537] INFO  Postprocessed 25 of 51 sources
2026-03-15 14:54:21,594 [PID 25537] INFO  Postprocessed 38 of 51 sources
2026-03-15 14:54:21,594 [PID 25537] INFO  Postprocessed 51 of 51 sources
2026-03-15 14:54:21,594 [PID 25537] PERFORMANCE  Check_Postprocessing: 0.060s
2026-03-15 14:54:21,594 [PID 25537] PERFORMANCE  Check (request kind: FullCheck): 0.352s
2026-03-15 14:54:21,612 [PID 25537] ERROR Found 350 type errors!
