2026-03-14 23:54:10,435 [PID 20237] INFO No binary specified, looking for `pyre.bin` in PATH
2026-03-14 23:54:10,435 [PID 20237] INFO Pyre binary is located at `/Users/mertbursalioglu/workspace/imp_math_back/backend-service/.venv/bin/pyre.bin`
2026-03-14 23:54:10,435 [PID 20237] INFO Could not determine the number of Pyre workers from configuration. Auto-set the value to 4.
2026-03-14 23:54:10,435 [PID 20237] INFO No typeshed specified, looking for it...
2026-03-14 23:54:10,435 [PID 20237] INFO Found: `/Users/mertbursalioglu/workspace/imp_math_back/backend-service/.venv/lib/pyre_check/typeshed`
2026-03-14 23:54:10,436 [PID 20237] INFO Writing arguments into /var/folders/fx/59c047h15j974l099wz9tfwc0000gn/T/pyre_arguments_yz93noy6.json...
2026-03-14 23:54:10,436 [PID 20237] DEBUG Arguments:
{
  "source_paths": {
    "kind": "simple",
    "paths": [
      "/Users/mertbursalioglu/workspace/imp_math_back/backend-service"
    ]
  },
  "search_paths": [
    "/Users/mertbursalioglu/workspace/imp_math_back/backend-service/.venv/lib/python3.13/site-packages",
    "/Users/mertbursalioglu/workspace/imp_math_back/backend-service/.venv/lib/pyre_check/typeshed/stdlib",
    "/Users/mertbursalioglu/workspace/imp_math_back/backend-service/.venv/lib/pyre_check/typeshed/stubs/ExifRead",
    "/Users/mertbursalioglu/workspace/imp_math_back/backend-service/.venv/lib/pyre_check/typeshed/stubs/PyMySQL",
    "/Users/mertbursalioglu/workspace/imp_math_back/backend-service/.venv/lib/pyre_check/typeshed/stubs/PyYAML",
    "/Users/mertbursalioglu/workspace/imp_math_back/backend-service/.venv/lib/pyre_check/typeshed/stubs/aiofiles",
    "/Users/mertbursalioglu/workspace/imp_math_back/backend-service/.venv/lib/pyre_check/typeshed/stubs/chevron",
    "/Users/mertbursalioglu/workspace/imp_math_back/backend-service/.venv/lib/pyre_check/typeshed/stubs/colorama",
    "/Users/mertbursalioglu/workspace/imp_math_back/backend-service/.venv/lib/pyre_check/typeshed/stubs/ldap3",
    "/Users/mertbursalioglu/workspace/imp_math_back/backend-service/.venv/lib/pyre_check/typeshed/stubs/mysqlclient",
    "/Users/mertbursalioglu/workspace/imp_math_back/backend-service/.venv/lib/pyre_check/typeshed/stubs/paramiko",
    "/Users/mertbursalioglu/workspace/imp_math_back/backend-service/.venv/lib/pyre_check/typeshed/stubs/psycopg2",
    "/Users/mertbursalioglu/workspace/imp_math_back/backend-service/.venv/lib/pyre_check/typeshed/stubs/pycurl",
    "/Users/mertbursalioglu/workspace/imp_math_back/backend-service/.venv/lib/pyre_check/typeshed/stubs/python-dateutil",
    "/Users/mertbursalioglu/workspace/imp_math_back/backend-service/.venv/lib/pyre_check/typeshed/stubs/pytz",
    "/Users/mertbursalioglu/workspace/imp_math_back/backend-service/.venv/lib/pyre_check/typeshed/stubs/regex",
    "/Users/mertbursalioglu/workspace/imp_math_back/backend-service/.venv/lib/pyre_check/typeshed/stubs/requests",
    "/Users/mertbursalioglu/workspace/imp_math_back/backend-service/.venv/lib/pyre_check/typeshed/stubs/retry",
    "/Users/mertbursalioglu/workspace/imp_math_back/backend-service/.venv/lib/pyre_check/typeshed/stubs/tqdm",
    "/Users/mertbursalioglu/workspace/imp_math_back/backend-service/.venv/lib/pyre_check/typeshed/stubs/ujson"
  ],
  "excludes": [],
  "checked_directory_allowlist": [
    "/Users/mertbursalioglu/workspace/imp_math_back/backend-service"
  ],
  "checked_directory_blocklist": [],
  "extensions": [],
  "log_path": "/Users/mertbursalioglu/workspace/imp_math_back/.pyre",
  "global_root": "/Users/mertbursalioglu/workspace/imp_math_back",
  "debug": false,
  "python_version": {
    "major": 3,
    "minor": 13,
    "micro": 7
  },
  "system_platform": "darwin",
  "shared_memory": {},
  "parallel": true,
  "number_of_workers": 4,
  "additional_logging_sections": [],
  "show_error_traces": false,
  "strict": false
}
2026-03-14 23:54:13,584 [PID 20237] PERFORMANCE  Initialized shared memory (heap size: 8589934592, dep table pow: 1, hash table pow: 26): 0.000s
2026-03-14 23:54:13,595 [PID 20237] PERFORMANCE  Initialized multiprocessing workers (workers: 4): 0.008s
2026-03-14 23:54:13,595 [PID 20237] INFO  Building module tracker...
2026-03-14 23:54:14,075 [PID 20237] PERFORMANCE  Module tracker built: 0.480s
2026-03-14 23:54:14,075 [PID 20237] PERFORMANCE  Full environment built: 0.480s
2026-03-14 23:54:14,075 [PID 20237] INFO  Collecting all definitions...
2026-03-14 23:54:14,886 [PID 20237] INFO <unknown>:1000: SyntaxWarning: invalid escape sequence '\N'
2026-03-14 23:54:14,953 [PID 20237] INFO <unknown>:23: SyntaxWarning: invalid escape sequence '\N'
2026-03-14 23:54:14,954 [PID 20237] INFO <unknown>:25: SyntaxWarning: invalid escape sequence '\N'
2026-03-14 23:54:14,954 [PID 20237] INFO <unknown>:27: SyntaxWarning: invalid escape sequence '\N'
2026-03-14 23:54:14,954 [PID 20237] INFO <unknown>:29: SyntaxWarning: invalid escape sequence '\N'
2026-03-14 23:54:14,954 [PID 20237] INFO <unknown>:31: SyntaxWarning: invalid escape sequence '\N'
2026-03-14 23:54:14,954 [PID 20237] INFO <unknown>:33: SyntaxWarning: invalid escape sequence '\N'
2026-03-14 23:54:14,954 [PID 20237] INFO <unknown>:35: SyntaxWarning: invalid escape sequence '\N'
2026-03-14 23:54:14,954 [PID 20237] INFO <unknown>:43: SyntaxWarning: invalid escape sequence '\N'
2026-03-14 23:54:14,954 [PID 20237] INFO <unknown>:45: SyntaxWarning: invalid escape sequence '\N'
2026-03-14 23:54:14,954 [PID 20237] INFO <unknown>:47: SyntaxWarning: invalid escape sequence '\N'
2026-03-14 23:54:20,446 [PID 20237] INFO <unknown>:9263: SyntaxWarning: invalid escape sequence '\N'
2026-03-14 23:54:21,566 [PID 20237] WARNING  Parser error in module `numpy._core.tests.test_regression`: CPython runtime raised a non-syntax exception
2026-03-14 23:54:22,266 [PID 20237] WARNING <unknown>:71: SyntaxWarning: invalid escape sequence '\N'
2026-03-14 23:54:22,323 [PID 20237] WARNING <unknown>:1582: SyntaxWarning: invalid escape sequence '\N'
2026-03-14 23:54:23,339 [PID 20237] PERFORMANCE  Collected definitions (defines: 175758): 9.269s
2026-03-14 23:54:23,339 [PID 20237] INFO  Checking 175758 functions...
2026-03-14 23:54:29,524 [PID 20237] INFO  Processed 4883 of 175758 functions
2026-03-14 23:54:35,561 [PID 20237] INFO  Processed 9766 of 175758 functions
2026-03-14 23:54:35,959 [PID 20237] INFO  Processed 14649 of 175758 functions
2026-03-14 23:54:41,304 [PID 20237] INFO  Processed 19532 of 175758 functions
2026-03-14 23:54:42,624 [PID 20237] INFO  Processed 24415 of 175758 functions
2026-03-14 23:54:51,346 [PID 20237] INFO  Processed 29298 of 175758 functions
2026-03-14 23:55:33,884 [PID 20237] INFO  Processed 34181 of 175758 functions
2026-03-14 23:55:40,667 [PID 20237] INFO  Processed 39064 of 175758 functions
2026-03-14 23:55:47,065 [PID 20237] INFO  Processed 43947 of 175758 functions
2026-03-14 23:55:49,006 [PID 20237] PERFORMANCE  Long type check of callable (cutoff time: 60, callable: numpy.typing.tests.data.reveal.polynomial_polybase.$toplevel)
2026-03-14 23:55:49,006 [PID 20237] INFO  The type check of numpy.typing.tests.data.reveal.polynomial_polybase.$toplevel is taking more than 60 seconds (pid = 20597)
2026-03-14 23:55:52,286 [PID 20237] INFO  Processed 48830 of 175758 functions
2026-03-14 23:56:01,154 [PID 20237] PERFORMANCE  Long type check of callable (cutoff time: 60, callable: numpy.typing.tests.data.reveal.polynomial_polyutils.$toplevel)
2026-03-14 23:56:01,155 [PID 20237] INFO  The type check of numpy.typing.tests.data.reveal.polynomial_polyutils.$toplevel is taking more than 60 seconds (pid = 20321)
2026-03-14 23:56:02,714 [PID 20237] WARNING  Pyre could not resolve the type variable for symbol annotated_types._StrType, which is probably an imported type variable annotated_types.IsDigits. This could cause downstream generic classes to be poorly understood. You can fix this problem by avoiding importing the type variable.
2026-03-14 23:56:04,462 [PID 20237] INFO  Processed 53713 of 175758 functions
2026-03-14 23:56:14,027 [PID 20237] INFO  Processed 58596 of 175758 functions
2026-03-14 23:56:19,628 [PID 20237] INFO  Processed 63479 of 175758 functions
2026-03-14 23:56:25,247 [PID 20237] INFO  Processed 68362 of 175758 functions
2026-03-14 23:56:29,644 [PID 20237] INFO  Processed 73245 of 175758 functions
2026-03-14 23:56:30,807 [PID 20237] INFO  Processed 78128 of 175758 functions
2026-03-14 23:56:33,379 [PID 20237] INFO  Processed 83011 of 175758 functions
2026-03-14 23:56:34,298 [PID 20237] INFO  Processed 87894 of 175758 functions
2026-03-14 23:56:40,704 [PID 20237] INFO  Processed 92777 of 175758 functions
2026-03-14 23:56:43,079 [PID 20237] INFO  Processed 97660 of 175758 functions
2026-03-14 23:56:46,554 [PID 20237] INFO  Processed 102543 of 175758 functions
2026-03-14 23:56:49,006 [PID 20237] PERFORMANCE  Long type check of callable (cutoff time: 120, callable: numpy.typing.tests.data.reveal.polynomial_polybase.$toplevel)
2026-03-14 23:56:49,006 [PID 20237] INFO  The type check of numpy.typing.tests.data.reveal.polynomial_polybase.$toplevel is taking more than 120 seconds (pid = 20597)
